Build started 11/29/2014 11:23:15 PM.
     1>Project "c:\Users\Adnan\documents\visual studio 2012\Projects\BlockMatchingGPU\BlockMatchingGPU\BlockMatchingGPU.vcxproj" on node 2 (Build target(s)).
     1>AddCudaCompileDeps:
         C:\Program Files (x86)\Microsoft Visual Studio 11.0\VC\bin\cl.exe /E /nologo /showIncludes /TP /D__CUDACC__ /DWIN32 /D_DEBUG /D_CONSOLE /D_MBCS /I"C:\Program Files\NVIDIA GPU Computing Toolkit\CUDA\v5.5\include" /I"C:\Program Files\NVIDIA GPU Computing Toolkit\CUDA\v5.5\bin" /I"C:\Program Files\NVIDIA GPU Computing Toolkit\CUDA\v5.5\include" /I. /FIcuda_runtime.h /c "c:\Users\Adnan\documents\visual studio 2012\Projects\BlockMatchingGPU\BlockMatchingGPU\kernel.cu" 
       CudaBuild:
         Compiling CUDA source file kernel.cu...
         cmd.exe /C "C:\Users\Adnan\AppData\Local\Temp\tmpba2bcf01534c493e8ebc4ecbf65d1c2b.cmd"
         "C:\Program Files\NVIDIA GPU Computing Toolkit\CUDA\v5.5\bin\nvcc.exe" -gencode=arch=compute_10,code=\"sm_10,compute_10\" --use-local-env --cl-version 2012 -ccbin "C:\Program Files (x86)\Microsoft Visual Studio 11.0\VC\bin"  -I"C:\Program Files\NVIDIA GPU Computing Toolkit\CUDA\v5.5\include" -I"C:\Program Files\NVIDIA GPU Computing Toolkit\CUDA\v5.5\include"  -G   --keep-dir Debug -maxrregcount=0  --machine 32 --compile -cudart static  -g   -DWIN32 -D_DEBUG -D_CONSOLE -D_MBCS -Xcompiler "/EHsc /W3 /nologo /Od /Zi /RTC1 /MDd  " -o Debug\kernel.cu.obj "c:\Users\Adnan\documents\visual studio 2012\Projects\BlockMatchingGPU\BlockMatchingGPU\kernel.cu"
         
         c:\Users\Adnan\documents\visual studio 2012\Projects\BlockMatchingGPU\BlockMatchingGPU>"C:\Program Files\NVIDIA GPU Computing Toolkit\CUDA\v5.5\bin\nvcc.exe" -gencode=arch=compute_10,code=\"sm_10,compute_10\" --use-local-env --cl-version 2012 -ccbin "C:\Program Files (x86)\Microsoft Visual Studio 11.0\VC\bin"  -I"C:\Program Files\NVIDIA GPU Computing Toolkit\CUDA\v5.5\include" -I"C:\Program Files\NVIDIA GPU Computing Toolkit\CUDA\v5.5\include"  -G   --keep-dir Debug -maxrregcount=0  --machine 32 --compile -cudart static  -g   -DWIN32 -D_DEBUG -D_CONSOLE -D_MBCS -Xcompiler "/EHsc /W3 /nologo /Od /Zi /RTC1 /MDd  " -o Debug\kernel.cu.obj "c:\Users\Adnan\documents\visual studio 2012\Projects\BlockMatchingGPU\BlockMatchingGPU\kernel.cu" 
       Link:
         C:\Program Files (x86)\Microsoft Visual Studio 11.0\VC\bin\link.exe /ERRORREPORT:PROMPT /OUT:"c:\users\adnan\documents\visual studio 2012\Projects\BlockMatchingGPU\Debug\BlockMatchingGPU.exe" /INCREMENTAL /NOLOGO /LIBPATH:"C:\Program Files\NVIDIA GPU Computing Toolkit\CUDA\v5.5\lib\Win32" cudart.lib kernel32.lib user32.lib gdi32.lib winspool.lib comdlg32.lib advapi32.lib shell32.lib ole32.lib oleaut32.lib uuid.lib odbc32.lib odbccp32.lib kernel32.lib user32.lib gdi32.lib winspool.lib comdlg32.lib advapi32.lib shell32.lib ole32.lib oleaut32.lib uuid.lib odbc32.lib odbccp32.lib /MANIFEST /MANIFESTUAC:"level='asInvoker' uiAccess='false'" /manifest:embed /DEBUG /PDB:"c:\users\adnan\documents\visual studio 2012\Projects\BlockMatchingGPU\Debug\BlockMatchingGPU.pdb" /SUBSYSTEM:CONSOLE /TLBID:1 /DYNAMICBASE /NXCOMPAT /IMPLIB:"c:\users\adnan\documents\visual studio 2012\Projects\BlockMatchingGPU\Debug\BlockMatchingGPU.lib" /MACHINE:X86 Debug\kernel.cu.obj
         BlockMatchingGPU.vcxproj -> c:\users\adnan\documents\visual studio 2012\Projects\BlockMatchingGPU\Debug\BlockMatchingGPU.exe
       PostBuildEvent:
         echo copy "C:\Program Files\NVIDIA GPU Computing Toolkit\CUDA\v5.5\bin\cudart*.dll" "c:\users\adnan\documents\visual studio 2012\Projects\BlockMatchingGPU\Debug\"
         copy "C:\Program Files\NVIDIA GPU Computing Toolkit\CUDA\v5.5\bin\cudart*.dll" "c:\users\adnan\documents\visual studio 2012\Projects\BlockMatchingGPU\Debug\"
         :VCEnd
         copy "C:\Program Files\NVIDIA GPU Computing Toolkit\CUDA\v5.5\bin\cudart*.dll" "c:\users\adnan\documents\visual studio 2012\Projects\BlockMatchingGPU\Debug\"
         C:\Program Files\NVIDIA GPU Computing Toolkit\CUDA\v5.5\bin\cudart32_55.dll
         C:\Program Files\NVIDIA GPU Computing Toolkit\CUDA\v5.5\bin\cudart64_55.dll
                 2 file(s) copied.
     1>Done Building Project "c:\Users\Adnan\documents\visual studio 2012\Projects\BlockMatchingGPU\BlockMatchingGPU\BlockMatchingGPU.vcxproj" (Build target(s)).

Build succeeded.

Time Elapsed 00:00:03.06
